[03-Jul-2018 08:10:21 Europe/Berlin] PHP Notice:  Undefined variable: page_dsc in D:\xampp\htdocs\blog-cms\admin\inc\admin_header.inc.php on line 28
[03-Jul-2018 08:10:21 Europe/Berlin] PHP Fatal error:  Uncaught Error: Class 'Users' not found in D:\xampp\htdocs\blog-cms\admin\users.php:5
Stack trace:
#0 {main}
  thrown in D:\xampp\htdocs\blog-cms\admin\users.php on line 5
[03-Jul-2018 08:12:17 Europe/Berlin] PHP Fatal error:  Uncaught Error: Class 'Users' not found in D:\xampp\htdocs\blog-cms\admin\users.php:5
Stack trace:
#0 {main}
  thrown in D:\xampp\htdocs\blog-cms\admin\users.php on line 5
[03-Jul-2018 08:12:19 Europe/Berlin] PHP Fatal error:  Uncaught Error: Class 'Users' not found in D:\xampp\htdocs\blog-cms\admin\users.php:5
Stack trace:
#0 {main}
  thrown in D:\xampp\htdocs\blog-cms\admin\users.php on line 5
[03-Jul-2018 08:12:35 Europe/Berlin] PHP Notice:  Undefined variable: authors in D:\xampp\htdocs\blog-cms\admin\users.php on line 38
[03-Jul-2018 08:12:35 Europe/Berlin] PHP Fatal error:  Uncaught Error: Call to a member function get_all_authors() on null in D:\xampp\htdocs\blog-cms\admin\users.php:38
Stack trace:
#0 {main}
  thrown in D:\xampp\htdocs\blog-cms\admin\users.php on line 38
[03-Jul-2018 08:13:22 Europe/Berlin] PHP Notice:  Undefined variable: authors in D:\xampp\htdocs\blog-cms\admin\users.php on line 38
[03-Jul-2018 08:13:22 Europe/Berlin] PHP Fatal error:  Uncaught Error: Call to a member function get_all_authors() on null in D:\xampp\htdocs\blog-cms\admin\users.php:38
Stack trace:
#0 {main}
  thrown in D:\xampp\htdocs\blog-cms\admin\users.php on line 38
[03-Jul-2018 08:18:11 Europe/Berlin] PHP Warning:  Invalid argument supplied for foreach() in D:\xampp\htdocs\blog-cms\admin\users.php on line 38
[03-Jul-2018 08:18:47 Europe/Berlin] PHP Notice:  Undefined index: authorization in D:\xampp\htdocs\blog-cms\admin\users.php on line 43
[03-Jul-2018 08:56:38 Europe/Berlin] PHP Fatal error:  Uncaught Error: Call to undefined method PDOStatement::prepare() in D:\xampp\htdocs\blog-cms\admin\inc\classes\users.class.inc.php:30
Stack trace:
#0 D:\xampp\htdocs\blog-cms\admin\users.php(13): Users->auth_user('1')
#1 {main}
  thrown in D:\xampp\htdocs\blog-cms\admin\inc\classes\users.class.inc.php on line 30
[03-Jul-2018 08:57:04 Europe/Berlin] SQLSTATE[42S02]: Base table or view not found: 1146 Table 'bs_blog_cms.user' doesn't exist
[03-Jul-2018 09:05:55 Europe/Berlin] PHP Fatal error:  Uncaught Error: Call to undefined method Users::conncect() in D:\xampp\htdocs\blog-cms\admin\inc\classes\users.class.inc.php:48
Stack trace:
#0 D:\xampp\htdocs\blog-cms\admin\users.php(21): Users->delete_user('2')
#1 {main}
  thrown in D:\xampp\htdocs\blog-cms\admin\inc\classes\users.class.inc.php on line 48
[03-Jul-2018 20:19:48 Europe/Berlin] PHP Notice:  session_start(): A session had already been started - ignoring in D:\xampp\htdocs\blog-cms\admin\inc\classes\login.class.inc.php on line 150
[03-Jul-2018 20:38:59 Europe/Berlin] PHP Fatal error:  Uncaught Error: Call to undefined method Login::get_all_users() in D:\xampp\htdocs\blog-cms\admin\users.php:71
Stack trace:
#0 {main}
  thrown in D:\xampp\htdocs\blog-cms\admin\users.php on line 71
[03-Jul-2018 20:40:02 Europe/Berlin] PHP Fatal error:  Uncaught Error: Call to undefined method Users::validate_register_form() in D:\xampp\htdocs\blog-cms\admin\users.php:14
Stack trace:
#0 {main}
  thrown in D:\xampp\htdocs\blog-cms\admin\users.php on line 14
[03-Jul-2018 20:49:32 Europe/Berlin] PHP Notice:  session_start(): A session had already been started - ignoring in D:\xampp\htdocs\blog-cms\admin\inc\classes\login.class.inc.php on line 150
[03-Jul-2018 20:51:11 Europe/Berlin] PHP Notice:  Undefined variable: post in D:\xampp\htdocs\blog-cms\admin\single-page.php on line 122
[03-Jul-2018 20:51:11 Europe/Berlin] PHP Notice:  Undefined variable: post in D:\xampp\htdocs\blog-cms\admin\single-page.php on line 122
[03-Jul-2018 20:51:11 Europe/Berlin] PHP Notice:  Undefined variable: post in D:\xampp\htdocs\blog-cms\admin\single-page.php on line 122
[03-Jul-2018 20:51:11 Europe/Berlin] PHP Notice:  Undefined variable: post in D:\xampp\htdocs\blog-cms\admin\single-page.php on line 122
[03-Jul-2018 20:51:11 Europe/Berlin] PHP Notice:  Undefined variable: post in D:\xampp\htdocs\blog-cms\admin\single-page.php on line 122
[03-Jul-2018 20:51:11 Europe/Berlin] PHP Notice:  Undefined variable: post in D:\xampp\htdocs\blog-cms\admin\single-page.php on line 122
[03-Jul-2018 20:51:11 Europe/Berlin] PHP Notice:  Undefined variable: post in D:\xampp\htdocs\blog-cms\admin\single-page.php on line 122
